<?xml version="1.0" encoding="UTF-8"?>
<!-- Generated by org.testng.reporters.JUnitReportReporter -->
<testsuite hostname="Mekawy" failures="0" tests="8" name="tests.ValeoTest" time="9.776" errors="0" timestamp="2021-12-15T14:32:26 EET" skipped="0">
  <testcase classname="tests.ValeoTest" name="invalidLoginCredential_REQ_0002" time="1.050"/>
  <system-out/>
  <testcase classname="tests.ValeoTest" name="emptyUsernameTest_REQ_0001" time="1.517"/>
  <system-out/>
  <testcase classname="tests.ValeoTest" name="emptyUsernameTest_REQ_0001" time="1.126"/>
  <system-out/>
  <testcase classname="tests.ValeoTest" name="invalidLoginCredential_REQ_0002" time="1.073"/>
  <system-out/>
  <testcase classname="tests.ValeoTest" name="successLoginTest_REQ_0003" time="1.635"/>
  <system-out/>
  <testcase classname="tests.ValeoTest" name="successLoginTest_REQ_0003" time="1.103"/>
  <system-out/>
  <testcase classname="tests.ValeoTest" name="emptyPasswordTest_REQ_0001" time="1.198"/>
  <system-out/>
  <testcase classname="tests.ValeoTest" name="emptyPasswordTest_REQ_0001" time="1.074"/>
  <system-out/>
</testsuite> <!-- tests.ValeoTest -->
